<?xml version="1.0" encoding="UTF-8"?>
<testsuite xmlns:xsi="http://www.w3.org/2001/XMLSchema-instance" xsi:noNamespaceSchemaLocation="https://maven.apache.org/surefire/maven-surefire-plugin/xsd/surefire-test-report-3.0.xsd" version="3.0" name="TestSuite" time="564.279" tests="13" errors="0" skipped="0" failures="0">
  <properties>
    <property name="sun.desktop" value="windows"/>
    <property name="awt.toolkit" value="sun.awt.windows.WToolkit"/>
    <property name="java.specification.version" value="11"/>
    <property name="webdriver.chrome.driver" value="C:\driver\chromedriver.exe"/>
    <property name="sun.cpu.isalist" value="amd64"/>
    <property name="sun.jnu.encoding" value="Cp1252"/>
    <property name="java.class.path" value="C:\Users\RAJESH 1\eclipse-workspace\AutomationTest\target\test-classes;C:\Users\RAJESH 1\eclipse-workspace\AutomationTest\target\classes;C:\Users\RAJESH 1\.m2\repository\org\seleniumhq\selenium\selenium-java\2.53.1\selenium-java-2.53.1.jar;C:\Users\RAJESH 1\.m2\repository\org\seleniumhq\selenium\selenium-chrome-driver\2.53.1\selenium-chrome-driver-2.53.1.jar;C:\Users\RAJESH 1\.m2\repository\org\seleniumhq\selenium\selenium-remote-driver\2.53.1\selenium-remote-driver-2.53.1.jar;C:\Users\RAJESH 1\.m2\repository\cglib\cglib-nodep\2.1_3\cglib-nodep-2.1_3.jar;C:\Users\RAJESH 1\.m2\repository\com\google\code\gson\gson\2.3.1\gson-2.3.1.jar;C:\Users\RAJESH 1\.m2\repository\org\seleniumhq\selenium\selenium-api\2.53.1\selenium-api-2.53.1.jar;C:\Users\RAJESH 1\.m2\repository\org\apache\httpcomponents\httpclient\4.5.1\httpclient-4.5.1.jar;C:\Users\RAJESH 1\.m2\repository\org\apache\httpcomponents\httpcore\4.4.3\httpcore-4.4.3.jar;C:\Users\RAJESH 1\.m2\repository\com\google\guava\guava\19.0\guava-19.0.jar;C:\Users\RAJESH 1\.m2\repository\org\seleniumhq\selenium\selenium-edge-driver\2.53.1\selenium-edge-driver-2.53.1.jar;C:\Users\RAJESH 1\.m2\repository\commons-io\commons-io\2.4\commons-io-2.4.jar;C:\Users\RAJESH 1\.m2\repository\org\apache\commons\commons-exec\1.3\commons-exec-1.3.jar;C:\Users\RAJESH 1\.m2\repository\org\seleniumhq\selenium\htmlunit-driver\2.21\htmlunit-driver-2.21.jar;C:\Users\RAJESH 1\.m2\repository\net\sourceforge\htmlunit\htmlunit\2.21\htmlunit-2.21.jar;C:\Users\RAJESH 1\.m2\repository\xalan\xalan\2.7.2\xalan-2.7.2.jar;C:\Users\RAJESH 1\.m2\repository\xalan\serializer\2.7.2\serializer-2.7.2.jar;C:\Users\RAJESH 1\.m2\repository\org\apache\commons\commons-lang3\3.4\commons-lang3-3.4.jar;C:\Users\RAJESH 1\.m2\repository\org\apache\httpcomponents\httpmime\4.5.2\httpmime-4.5.2.jar;C:\Users\RAJESH 1\.m2\repository\net\sourceforge\htmlunit\htmlunit-core-js\2.17\htmlunit-core-js-2.17.jar;C:\Users\RAJESH 1\.m2\repository\net\sourceforge\htmlunit\neko-htmlunit\2.21\neko-htmlunit-2.21.jar;C:\Users\RAJESH 1\.m2\repository\xerces\xercesImpl\2.11.0\xercesImpl-2.11.0.jar;C:\Users\RAJESH 1\.m2\repository\net\sourceforge\cssparser\cssparser\0.9.18\cssparser-0.9.18.jar;C:\Users\RAJESH 1\.m2\repository\org\w3c\css\sac\1.3\sac-1.3.jar;C:\Users\RAJESH 1\.m2\repository\commons-logging\commons-logging\1.2\commons-logging-1.2.jar;C:\Users\RAJESH 1\.m2\repository\org\eclipse\jetty\websocket\websocket-client\9.2.15.v20160210\websocket-client-9.2.15.v20160210.jar;C:\Users\RAJESH 1\.m2\repository\org\eclipse\jetty\jetty-util\9.2.15.v20160210\jetty-util-9.2.15.v20160210.jar;C:\Users\RAJESH 1\.m2\repository\org\eclipse\jetty\jetty-io\9.2.15.v20160210\jetty-io-9.2.15.v20160210.jar;C:\Users\RAJESH 1\.m2\repository\org\eclipse\jetty\websocket\websocket-common\9.2.15.v20160210\websocket-common-9.2.15.v20160210.jar;C:\Users\RAJESH 1\.m2\repository\org\eclipse\jetty\websocket\websocket-api\9.2.15.v20160210\websocket-api-9.2.15.v20160210.jar;C:\Users\RAJESH 1\.m2\repository\commons-collections\commons-collections\3.2.2\commons-collections-3.2.2.jar;C:\Users\RAJESH 1\.m2\repository\org\seleniumhq\selenium\selenium-firefox-driver\2.53.1\selenium-firefox-driver-2.53.1.jar;C:\Users\RAJESH 1\.m2\repository\org\seleniumhq\selenium\selenium-ie-driver\2.53.1\selenium-ie-driver-2.53.1.jar;C:\Users\RAJESH 1\.m2\repository\net\java\dev\jna\jna\4.1.0\jna-4.1.0.jar;C:\Users\RAJESH 1\.m2\repository\net\java\dev\jna\jna-platform\4.1.0\jna-platform-4.1.0.jar;C:\Users\RAJESH 1\.m2\repository\org\seleniumhq\selenium\selenium-safari-driver\2.53.1\selenium-safari-driver-2.53.1.jar;C:\Users\RAJESH 1\.m2\repository\io\netty\netty\3.5.7.Final\netty-3.5.7.Final.jar;C:\Users\RAJESH 1\.m2\repository\org\seleniumhq\selenium\selenium-support\2.53.1\selenium-support-2.53.1.jar;C:\Users\RAJESH 1\.m2\repository\org\seleniumhq\selenium\selenium-leg-rc\2.53.1\selenium-leg-rc-2.53.1.jar;C:\Users\RAJESH 1\.m2\repository\org\testng\testng\6.8.8\testng-6.8.8.jar;C:\Users\RAJESH 1\.m2\repository\org\beanshell\bsh\2.0b4\bsh-2.0b4.jar;C:\Users\RAJESH 1\.m2\repository\com\beust\jcommander\1.27\jcommander-1.27.jar;C:\Users\RAJESH 1\.m2\repository\org\apache\poi\poi\3.9\poi-3.9.jar;C:\Users\RAJESH 1\.m2\repository\commons-codec\commons-codec\1.5\commons-codec-1.5.jar;C:\Users\RAJESH 1\.m2\repository\org\apache\poi\poi-ooxml\3.9\poi-ooxml-3.9.jar;C:\Users\RAJESH 1\.m2\repository\dom4j\dom4j\1.6.1\dom4j-1.6.1.jar;C:\Users\RAJESH 1\.m2\repository\org\apache\poi\poi-ooxml-schemas\3.9\poi-ooxml-schemas-3.9.jar;C:\Users\RAJESH 1\.m2\repository\org\apache\xmlbeans\xmlbeans\2.3.0\xmlbeans-2.3.0.jar;C:\Users\RAJESH 1\.m2\repository\stax\stax-api\1.0.1\stax-api-1.0.1.jar;C:\Users\RAJESH 1\.m2\repository\org\apache\poi\poi-scratchpad\3.9\poi-scratchpad-3.9.jar;C:\Users\RAJESH 1\.m2\repository\org\apache\poi\ooxml-schemas\1.1\ooxml-schemas-1.1.jar;C:\Users\RAJESH 1\.m2\repository\org\apache\poi\openxml4j\1.0-beta\openxml4j-1.0-beta.jar;C:\Users\RAJESH 1\.m2\repository\log4j\log4j\1.2.8\log4j-1.2.8.jar;C:\Users\RAJESH 1\.m2\repository\com\relevantcodes\extentreports\2.41.2\extentreports-2.41.2.jar;C:\Users\RAJESH 1\.m2\repository\org\jsoup\jsoup\1.8.3\jsoup-1.8.3.jar;C:\Users\RAJESH 1\.m2\repository\org\xerial\sqlite-jdbc\3.8.11.1\sqlite-jdbc-3.8.11.1.jar;C:\Users\RAJESH 1\.m2\repository\org\freemarker\freemarker\2.3.23\freemarker-2.3.23.jar;C:\Users\RAJESH 1\.m2\repository\org\mongodb\mongodb-driver\3.0.4\mongodb-driver-3.0.4.jar;C:\Users\RAJESH 1\.m2\repository\org\mongodb\bson\3.0.4\bson-3.0.4.jar;C:\Users\RAJESH 1\.m2\repository\org\mongodb\mongodb-driver-core\3.0.4\mongodb-driver-core-3.0.4.jar;C:\Users\RAJESH 1\.m2\repository\xml-apis\xml-apis\1.4.01\xml-apis-1.4.01.jar;"/>
    <property name="java.vm.vendor" value="Oracle Corporation"/>
    <property name="sun.arch.data.model" value="64"/>
    <property name="user.variant" value=""/>
    <property name="java.vendor.url" value="https://openjdk.java.net/"/>
    <property name="user.timezone" value="Asia/Calcutta"/>
    <property name="java.vm.specification.version" value="11"/>
    <property name="os.name" value="Windows 8.1"/>
    <property name="sun.java.launcher" value="SUN_STANDARD"/>
    <property name="user.country" value="US"/>
    <property name="sun.boot.library.path" value="C:\Program Files\Java\jdk-11\bin"/>
    <property name="sun.java.command" value="C:\Users\RAJESH 1\AppData\Local\Temp\surefire6807703193694864260\surefirebooter-20240212203611661_3.jar C:\Users\RAJESH 1\AppData\Local\Temp\surefire6807703193694864260 2024-02-12T20-36-11_102-jvmRun1 surefire-20240212203611661_1tmp surefire_0-20240212203611661_2tmp"/>
    <property name="jdk.debug" value="release"/>
    <property name="surefire.test.class.path" value="C:\Users\RAJESH 1\eclipse-workspace\AutomationTest\target\test-classes;C:\Users\RAJESH 1\eclipse-workspace\AutomationTest\target\classes;C:\Users\RAJESH 1\.m2\repository\org\seleniumhq\selenium\selenium-java\2.53.1\selenium-java-2.53.1.jar;C:\Users\RAJESH 1\.m2\repository\org\seleniumhq\selenium\selenium-chrome-driver\2.53.1\selenium-chrome-driver-2.53.1.jar;C:\Users\RAJESH 1\.m2\repository\org\seleniumhq\selenium\selenium-remote-driver\2.53.1\selenium-remote-driver-2.53.1.jar;C:\Users\RAJESH 1\.m2\repository\cglib\cglib-nodep\2.1_3\cglib-nodep-2.1_3.jar;C:\Users\RAJESH 1\.m2\repository\com\google\code\gson\gson\2.3.1\gson-2.3.1.jar;C:\Users\RAJESH 1\.m2\repository\org\seleniumhq\selenium\selenium-api\2.53.1\selenium-api-2.53.1.jar;C:\Users\RAJESH 1\.m2\repository\org\apache\httpcomponents\httpclient\4.5.1\httpclient-4.5.1.jar;C:\Users\RAJESH 1\.m2\repository\org\apache\httpcomponents\httpcore\4.4.3\httpcore-4.4.3.jar;C:\Users\RAJESH 1\.m2\repository\com\google\guava\guava\19.0\guava-19.0.jar;C:\Users\RAJESH 1\.m2\repository\org\seleniumhq\selenium\selenium-edge-driver\2.53.1\selenium-edge-driver-2.53.1.jar;C:\Users\RAJESH 1\.m2\repository\commons-io\commons-io\2.4\commons-io-2.4.jar;C:\Users\RAJESH 1\.m2\repository\org\apache\commons\commons-exec\1.3\commons-exec-1.3.jar;C:\Users\RAJESH 1\.m2\repository\org\seleniumhq\selenium\htmlunit-driver\2.21\htmlunit-driver-2.21.jar;C:\Users\RAJESH 1\.m2\repository\net\sourceforge\htmlunit\htmlunit\2.21\htmlunit-2.21.jar;C:\Users\RAJESH 1\.m2\repository\xalan\xalan\2.7.2\xalan-2.7.2.jar;C:\Users\RAJESH 1\.m2\repository\xalan\serializer\2.7.2\serializer-2.7.2.jar;C:\Users\RAJESH 1\.m2\repository\org\apache\commons\commons-lang3\3.4\commons-lang3-3.4.jar;C:\Users\RAJESH 1\.m2\repository\org\apache\httpcomponents\httpmime\4.5.2\httpmime-4.5.2.jar;C:\Users\RAJESH 1\.m2\repository\net\sourceforge\htmlunit\htmlunit-core-js\2.17\htmlunit-core-js-2.17.jar;C:\Users\RAJESH 1\.m2\repository\net\sourceforge\htmlunit\neko-htmlunit\2.21\neko-htmlunit-2.21.jar;C:\Users\RAJESH 1\.m2\repository\xerces\xercesImpl\2.11.0\xercesImpl-2.11.0.jar;C:\Users\RAJESH 1\.m2\repository\net\sourceforge\cssparser\cssparser\0.9.18\cssparser-0.9.18.jar;C:\Users\RAJESH 1\.m2\repository\org\w3c\css\sac\1.3\sac-1.3.jar;C:\Users\RAJESH 1\.m2\repository\commons-logging\commons-logging\1.2\commons-logging-1.2.jar;C:\Users\RAJESH 1\.m2\repository\org\eclipse\jetty\websocket\websocket-client\9.2.15.v20160210\websocket-client-9.2.15.v20160210.jar;C:\Users\RAJESH 1\.m2\repository\org\eclipse\jetty\jetty-util\9.2.15.v20160210\jetty-util-9.2.15.v20160210.jar;C:\Users\RAJESH 1\.m2\repository\org\eclipse\jetty\jetty-io\9.2.15.v20160210\jetty-io-9.2.15.v20160210.jar;C:\Users\RAJESH 1\.m2\repository\org\eclipse\jetty\websocket\websocket-common\9.2.15.v20160210\websocket-common-9.2.15.v20160210.jar;C:\Users\RAJESH 1\.m2\repository\org\eclipse\jetty\websocket\websocket-api\9.2.15.v20160210\websocket-api-9.2.15.v20160210.jar;C:\Users\RAJESH 1\.m2\repository\commons-collections\commons-collections\3.2.2\commons-collections-3.2.2.jar;C:\Users\RAJESH 1\.m2\repository\org\seleniumhq\selenium\selenium-firefox-driver\2.53.1\selenium-firefox-driver-2.53.1.jar;C:\Users\RAJESH 1\.m2\repository\org\seleniumhq\selenium\selenium-ie-driver\2.53.1\selenium-ie-driver-2.53.1.jar;C:\Users\RAJESH 1\.m2\repository\net\java\dev\jna\jna\4.1.0\jna-4.1.0.jar;C:\Users\RAJESH 1\.m2\repository\net\java\dev\jna\jna-platform\4.1.0\jna-platform-4.1.0.jar;C:\Users\RAJESH 1\.m2\repository\org\seleniumhq\selenium\selenium-safari-driver\2.53.1\selenium-safari-driver-2.53.1.jar;C:\Users\RAJESH 1\.m2\repository\io\netty\netty\3.5.7.Final\netty-3.5.7.Final.jar;C:\Users\RAJESH 1\.m2\repository\org\seleniumhq\selenium\selenium-support\2.53.1\selenium-support-2.53.1.jar;C:\Users\RAJESH 1\.m2\repository\org\seleniumhq\selenium\selenium-leg-rc\2.53.1\selenium-leg-rc-2.53.1.jar;C:\Users\RAJESH 1\.m2\repository\org\testng\testng\6.8.8\testng-6.8.8.jar;C:\Users\RAJESH 1\.m2\repository\org\beanshell\bsh\2.0b4\bsh-2.0b4.jar;C:\Users\RAJESH 1\.m2\repository\com\beust\jcommander\1.27\jcommander-1.27.jar;C:\Users\RAJESH 1\.m2\repository\org\apache\poi\poi\3.9\poi-3.9.jar;C:\Users\RAJESH 1\.m2\repository\commons-codec\commons-codec\1.5\commons-codec-1.5.jar;C:\Users\RAJESH 1\.m2\repository\org\apache\poi\poi-ooxml\3.9\poi-ooxml-3.9.jar;C:\Users\RAJESH 1\.m2\repository\dom4j\dom4j\1.6.1\dom4j-1.6.1.jar;C:\Users\RAJESH 1\.m2\repository\org\apache\poi\poi-ooxml-schemas\3.9\poi-ooxml-schemas-3.9.jar;C:\Users\RAJESH 1\.m2\repository\org\apache\xmlbeans\xmlbeans\2.3.0\xmlbeans-2.3.0.jar;C:\Users\RAJESH 1\.m2\repository\stax\stax-api\1.0.1\stax-api-1.0.1.jar;C:\Users\RAJESH 1\.m2\repository\org\apache\poi\poi-scratchpad\3.9\poi-scratchpad-3.9.jar;C:\Users\RAJESH 1\.m2\repository\org\apache\poi\ooxml-schemas\1.1\ooxml-schemas-1.1.jar;C:\Users\RAJESH 1\.m2\repository\org\apache\poi\openxml4j\1.0-beta\openxml4j-1.0-beta.jar;C:\Users\RAJESH 1\.m2\repository\log4j\log4j\1.2.8\log4j-1.2.8.jar;C:\Users\RAJESH 1\.m2\repository\com\relevantcodes\extentreports\2.41.2\extentreports-2.41.2.jar;C:\Users\RAJESH 1\.m2\repository\org\jsoup\jsoup\1.8.3\jsoup-1.8.3.jar;C:\Users\RAJESH 1\.m2\repository\org\xerial\sqlite-jdbc\3.8.11.1\sqlite-jdbc-3.8.11.1.jar;C:\Users\RAJESH 1\.m2\repository\org\freemarker\freemarker\2.3.23\freemarker-2.3.23.jar;C:\Users\RAJESH 1\.m2\repository\org\mongodb\mongodb-driver\3.0.4\mongodb-driver-3.0.4.jar;C:\Users\RAJESH 1\.m2\repository\org\mongodb\bson\3.0.4\bson-3.0.4.jar;C:\Users\RAJESH 1\.m2\repository\org\mongodb\mongodb-driver-core\3.0.4\mongodb-driver-core-3.0.4.jar;C:\Users\RAJESH 1\.m2\repository\xml-apis\xml-apis\1.4.01\xml-apis-1.4.01.jar;"/>
    <property name="sun.cpu.endian" value="little"/>
    <property name="user.home" value="C:\Users\RAJESH 1"/>
    <property name="user.language" value="en"/>
    <property name="java.specification.vendor" value="Oracle Corporation"/>
    <property name="java.version.date" value="2023-10-17"/>
    <property name="java.home" value="C:\Program Files\Java\jdk-11"/>
    <property name="file.separator" value="\"/>
    <property name="basedir" value="C:\Users\RAJESH 1\eclipse-workspace\AutomationTest"/>
    <property name="java.vm.compressedOopsMode" value="32-bit"/>
    <property name="line.separator" value="&#10;"/>
    <property name="java.specification.name" value="Java Platform API Specification"/>
    <property name="java.vm.specification.vendor" value="Oracle Corporation"/>
    <property name="java.awt.graphicsenv" value="sun.awt.Win32GraphicsEnvironment"/>
    <property name="surefire.real.class.path" value="C:\Users\RAJESH 1\AppData\Local\Temp\surefire6807703193694864260\surefirebooter-20240212203611661_3.jar"/>
    <property name="user.script" value=""/>
    <property name="sun.management.compiler" value="HotSpot 64-Bit Tiered Compilers"/>
    <property name="java.runtime.version" value="11.0.21+9-LTS-193"/>
    <property name="user.name" value="RAJESH 1"/>
    <property name="path.separator" value=";"/>
    <property name="os.version" value="6.3"/>
    <property name="java.runtime.name" value="Java(TM) SE Runtime Environment"/>
    <property name="file.encoding" value="Cp1252"/>
    <property name="jnidispatch.path" value="C:\Users\RAJESH~1\AppData\Local\Temp\jna-919546832\jna13460713108041331777.dll"/>
    <property name="java.vm.name" value="Java HotSpot(TM) 64-Bit Server VM"/>
    <property name="java.vendor.version" value="18.9"/>
    <property name="localRepository" value="C:\Users\RAJESH 1\.m2\repository"/>
    <property name="java.vendor.url.bug" value="https://bugreport.java.com/bugreport/"/>
    <property name="java.io.tmpdir" value="C:\Users\RAJESH~1\AppData\Local\Temp\"/>
    <property name="java.version" value="11.0.21"/>
    <property name="user.dir" value="C:\Users\RAJESH 1\eclipse-workspace\AutomationTest"/>
    <property name="os.arch" value="amd64"/>
    <property name="java.vm.specification.name" value="Java Virtual Machine Specification"/>
    <property name="java.awt.printerjob" value="sun.awt.windows.WPrinterJob"/>
    <property name="sun.os.patch.level" value=""/>
    <property name="java.library.path" value="C:\Program Files\Java\jdk-11\bin;C:\Windows\Sun\Java\bin;C:\Windows\system32;C:\Windows;C:\Users\RAJESH 1\.jenkins\tools\hudson.tasks.Maven_MavenInstallation\TestMaven/bin;C:\Program Files\Common Files\Oracle\Java\javapath;C:\Program Files\Java\jdk1.8.0_202\bin;C:\Program Files\MySQL\MySQL Shell 8.0\bin\;C:\Program Files\Java\jdk-10\bin;C:\Users\RAJESH 1\AppData\Roaming\npm;C:\Program Files\heroku\bin;C:\Windows\System32;C:\Program Files\Git\bin;C:\Program Files\Git\cmd;."/>
    <property name="java.vendor" value="Oracle Corporation"/>
    <property name="java.vm.info" value="mixed mode"/>
    <property name="java.vm.version" value="11.0.21+9-LTS-193"/>
    <property name="java.specification.maintenance.version" value="2"/>
    <property name="sun.io.unicode.encoding" value="UnicodeLittle"/>
    <property name="java.class.version" value="55.0"/>
  </properties>
  <testcase name="verifyContactsPageLabel" classname="com.crm.qa.testcases.ContactsPageTest" time="0.216">
    <system-out><![CDATA[Before navigating to: 'https://classic.freecrm.com'
Navigated to:'https://classic.freecrm.com'
Trying to find Element By : By.name: username
Found Element By : By.name: username
Value of the:[[ChromeDriver: chrome on XP (66844e4143e99be401a567d91745daea)] -> name: username] before any changes made
Element value changed to: [[ChromeDriver: chrome on XP (66844e4143e99be401a567d91745daea)] -> name: username]
Trying to find Element By : By.name: password
Found Element By : By.name: password
Value of the:[[ChromeDriver: chrome on XP (66844e4143e99be401a567d91745daea)] -> name: password] before any changes made
Element value changed to: [[ChromeDriver: chrome on XP (66844e4143e99be401a567d91745daea)] -> name: password]
Trying to find Element By : By.xpath: //input[@type='submit']
Found Element By : By.xpath: //input[@type='submit']
Trying to click on: [[ChromeDriver: chrome on XP (66844e4143e99be401a567d91745daea)] -> xpath: //input[@type='submit']]
Clicked on: [[ChromeDriver: chrome on XP (66844e4143e99be401a567d91745daea)] -> xpath: //input[@type='submit']]
Trying to find Element By : By.xpath: //a[contains(text(),'Contacts')]
Found Element By : By.xpath: //a[contains(text(),'Contacts')]
Trying to click on: [[ChromeDriver: chrome on XP (66844e4143e99be401a567d91745daea)] -> xpath: //a[contains(text(),'Contacts')]]
Clicked on: [[ChromeDriver: chrome on XP (66844e4143e99be401a567d91745daea)] -> xpath: //a[contains(text(),'Contacts')]]
Trying to find Element By : By.xpath: //td[contains(text(),'Contacts')]
Found Element By : By.xpath: //td[contains(text(),'Contacts')]
]]></system-out>
    <system-err><![CDATA[Starting ChromeDriver 109.0.5414.25 (771113d280dd3dda2fb422a6c805f0eb2b8ee6ed-refs/branch-heads/5414@{#303}) on port 34277
Only local connections are allowed.
Please see https://chromedriver.chromium.org/security-considerations for suggestions on keeping ChromeDriver safe.
ChromeDriver was started successfully.
log4j:WARN No appenders could be found for logger (org.apache.http.client.protocol.RequestAddCookies).
log4j:WARN Please initialize the log4j system properly.
]]></system-err>
  </testcase>
  <testcase name="selectSingleContactsTest" classname="com.crm.qa.testcases.ContactsPageTest" time="0.145">
    <system-out><![CDATA[Before navigating to: 'https://classic.freecrm.com'
Navigated to:'https://classic.freecrm.com'
Trying to find Element By : By.name: username
Found Element By : By.name: username
Value of the:[[ChromeDriver: chrome on XP (14a80491dd0546f8f97b5d459b7a42b5)] -> name: username] before any changes made
Element value changed to: [[ChromeDriver: chrome on XP (14a80491dd0546f8f97b5d459b7a42b5)] -> name: username]
Trying to find Element By : By.name: password
Found Element By : By.name: password
Value of the:[[ChromeDriver: chrome on XP (14a80491dd0546f8f97b5d459b7a42b5)] -> name: password] before any changes made
Element value changed to: [[ChromeDriver: chrome on XP (14a80491dd0546f8f97b5d459b7a42b5)] -> name: password]
Trying to find Element By : By.xpath: //input[@type='submit']
Found Element By : By.xpath: //input[@type='submit']
Trying to click on: [[ChromeDriver: chrome on XP (14a80491dd0546f8f97b5d459b7a42b5)] -> xpath: //input[@type='submit']]
Clicked on: [[ChromeDriver: chrome on XP (14a80491dd0546f8f97b5d459b7a42b5)] -> xpath: //input[@type='submit']]
Trying to find Element By : By.xpath: //a[contains(text(),'Contacts')]
Found Element By : By.xpath: //a[contains(text(),'Contacts')]
Trying to click on: [[ChromeDriver: chrome on XP (14a80491dd0546f8f97b5d459b7a42b5)] -> xpath: //a[contains(text(),'Contacts')]]
Clicked on: [[ChromeDriver: chrome on XP (14a80491dd0546f8f97b5d459b7a42b5)] -> xpath: //a[contains(text(),'Contacts')]]
Trying to find Element By : By.xpath: //a[text()='Ben Daukits']//parent::td[@class='datalistrow']//preceding-sibling::td[@class='datalistrow']//input[@name='contact_id']
Found Element By : By.xpath: //a[text()='Ben Daukits']//parent::td[@class='datalistrow']//preceding-sibling::td[@class='datalistrow']//input[@name='contact_id']
Trying to click on: [[ChromeDriver: chrome on XP (14a80491dd0546f8f97b5d459b7a42b5)] -> xpath: //a[text()='Ben Daukits']//parent::td[@class='datalistrow']//preceding-sibling::td[@class='datalistrow']//input[@name='contact_id']]
Clicked on: [[ChromeDriver: chrome on XP (14a80491dd0546f8f97b5d459b7a42b5)] -> xpath: //a[text()='Ben Daukits']//parent::td[@class='datalistrow']//preceding-sibling::td[@class='datalistrow']//input[@name='contact_id']]
]]></system-out>
    <system-err><![CDATA[Starting ChromeDriver 109.0.5414.25 (771113d280dd3dda2fb422a6c805f0eb2b8ee6ed-refs/branch-heads/5414@{#303}) on port 33619
Only local connections are allowed.
Please see https://chromedriver.chromium.org/security-considerations for suggestions on keeping ChromeDriver safe.
ChromeDriver was started successfully.
]]></system-err>
  </testcase>
  <testcase name="selectMultipleContactsTest" classname="com.crm.qa.testcases.ContactsPageTest" time="1.047">
    <system-out><![CDATA[Before navigating to: 'https://classic.freecrm.com'
Navigated to:'https://classic.freecrm.com'
Trying to find Element By : By.name: username
Found Element By : By.name: username
Value of the:[[ChromeDriver: chrome on XP (fb2a6c2bdcd45fc9b95d105c181a4093)] -> name: username] before any changes made
Element value changed to: [[ChromeDriver: chrome on XP (fb2a6c2bdcd45fc9b95d105c181a4093)] -> name: username]
Trying to find Element By : By.name: password
Found Element By : By.name: password
Value of the:[[ChromeDriver: chrome on XP (fb2a6c2bdcd45fc9b95d105c181a4093)] -> name: password] before any changes made
Element value changed to: [[ChromeDriver: chrome on XP (fb2a6c2bdcd45fc9b95d105c181a4093)] -> name: password]
Trying to find Element By : By.xpath: //input[@type='submit']
Found Element By : By.xpath: //input[@type='submit']
Trying to click on: [[ChromeDriver: chrome on XP (fb2a6c2bdcd45fc9b95d105c181a4093)] -> xpath: //input[@type='submit']]
Clicked on: [[ChromeDriver: chrome on XP (fb2a6c2bdcd45fc9b95d105c181a4093)] -> xpath: //input[@type='submit']]
Trying to find Element By : By.xpath: //a[contains(text(),'Contacts')]
Found Element By : By.xpath: //a[contains(text(),'Contacts')]
Trying to click on: [[ChromeDriver: chrome on XP (fb2a6c2bdcd45fc9b95d105c181a4093)] -> xpath: //a[contains(text(),'Contacts')]]
Clicked on: [[ChromeDriver: chrome on XP (fb2a6c2bdcd45fc9b95d105c181a4093)] -> xpath: //a[contains(text(),'Contacts')]]
Trying to find Element By : By.xpath: //a[text()='Harry Kane']//parent::td[@class='datalistrow']//preceding-sibling::td[@class='datalistrow']//input[@name='contact_id']
Found Element By : By.xpath: //a[text()='Harry Kane']//parent::td[@class='datalistrow']//preceding-sibling::td[@class='datalistrow']//input[@name='contact_id']
Trying to click on: [[ChromeDriver: chrome on XP (fb2a6c2bdcd45fc9b95d105c181a4093)] -> xpath: //a[text()='Harry Kane']//parent::td[@class='datalistrow']//preceding-sibling::td[@class='datalistrow']//input[@name='contact_id']]
Clicked on: [[ChromeDriver: chrome on XP (fb2a6c2bdcd45fc9b95d105c181a4093)] -> xpath: //a[text()='Harry Kane']//parent::td[@class='datalistrow']//preceding-sibling::td[@class='datalistrow']//input[@name='contact_id']]
Trying to find Element By : By.xpath: //a[text()='Tom Smith']//parent::td[@class='datalistrow']//preceding-sibling::td[@class='datalistrow']//input[@name='contact_id']
Found Element By : By.xpath: //a[text()='Tom Smith']//parent::td[@class='datalistrow']//preceding-sibling::td[@class='datalistrow']//input[@name='contact_id']
Trying to click on: [[ChromeDriver: chrome on XP (fb2a6c2bdcd45fc9b95d105c181a4093)] -> xpath: //a[text()='Tom Smith']//parent::td[@class='datalistrow']//preceding-sibling::td[@class='datalistrow']//input[@name='contact_id']]
Clicked on: [[ChromeDriver: chrome on XP (fb2a6c2bdcd45fc9b95d105c181a4093)] -> xpath: //a[text()='Tom Smith']//parent::td[@class='datalistrow']//preceding-sibling::td[@class='datalistrow']//input[@name='contact_id']]
]]></system-out>
    <system-err><![CDATA[Starting ChromeDriver 109.0.5414.25 (771113d280dd3dda2fb422a6c805f0eb2b8ee6ed-refs/branch-heads/5414@{#303}) on port 19431
Only local connections are allowed.
Please see https://chromedriver.chromium.org/security-considerations for suggestions on keeping ChromeDriver safe.
ChromeDriver was started successfully.
]]></system-err>
  </testcase>
  <testcase name="createNewContactTest[Mr., Will, Smith, Apple](1)" classname="com.crm.qa.testcases.ContactsPageTest" time="12.23">
    <system-out><![CDATA[Before navigating to: 'https://classic.freecrm.com'
Navigated to:'https://classic.freecrm.com'
Trying to find Element By : By.name: username
Found Element By : By.name: username
Value of the:[[ChromeDriver: chrome on XP (fe214f4919ecf5218c7e6e07e6b625c2)] -> name: username] before any changes made
Element value changed to: [[ChromeDriver: chrome on XP (fe214f4919ecf5218c7e6e07e6b625c2)] -> name: username]
Trying to find Element By : By.name: password
Found Element By : By.name: password
Value of the:[[ChromeDriver: chrome on XP (fe214f4919ecf5218c7e6e07e6b625c2)] -> name: password] before any changes made
Element value changed to: [[ChromeDriver: chrome on XP (fe214f4919ecf5218c7e6e07e6b625c2)] -> name: password]
Trying to find Element By : By.xpath: //input[@type='submit']
Found Element By : By.xpath: //input[@type='submit']
Trying to click on: [[ChromeDriver: chrome on XP (fe214f4919ecf5218c7e6e07e6b625c2)] -> xpath: //input[@type='submit']]
Clicked on: [[ChromeDriver: chrome on XP (fe214f4919ecf5218c7e6e07e6b625c2)] -> xpath: //input[@type='submit']]
Trying to find Element By : By.xpath: //a[contains(text(),'Contacts')]
Found Element By : By.xpath: //a[contains(text(),'Contacts')]
Trying to click on: [[ChromeDriver: chrome on XP (fe214f4919ecf5218c7e6e07e6b625c2)] -> xpath: //a[contains(text(),'Contacts')]]
Clicked on: [[ChromeDriver: chrome on XP (fe214f4919ecf5218c7e6e07e6b625c2)] -> xpath: //a[contains(text(),'Contacts')]]
Trying to find Element By : By.xpath: //input[@value='New Contact' and @type='button']
Found Element By : By.xpath: //input[@value='New Contact' and @type='button']
Trying to click on: [[ChromeDriver: chrome on XP (fe214f4919ecf5218c7e6e07e6b625c2)] -> xpath: //input[@value='New Contact' and @type='button']]
Clicked on: [[ChromeDriver: chrome on XP (fe214f4919ecf5218c7e6e07e6b625c2)] -> xpath: //input[@value='New Contact' and @type='button']]
Trying to find Element By : By.name: title
Found Element By : By.name: title
Trying to find Element By : By.xpath: .//option[normalize-space(.) = "Mr."]
Found Element By : By.xpath: .//option[normalize-space(.) = "Mr."]
Trying to click on: [[[[ChromeDriver: chrome on XP (fe214f4919ecf5218c7e6e07e6b625c2)] -> name: title]] -> xpath: .//option[normalize-space(.) = "Mr."]]
Clicked on: [[[[ChromeDriver: chrome on XP (fe214f4919ecf5218c7e6e07e6b625c2)] -> name: title]] -> xpath: .//option[normalize-space(.) = "Mr."]]
Trying to find Element By : By.id: first_name
Found Element By : By.id: first_name
Value of the:[[ChromeDriver: chrome on XP (fe214f4919ecf5218c7e6e07e6b625c2)] -> id: first_name] before any changes made
Element value changed to: [[ChromeDriver: chrome on XP (fe214f4919ecf5218c7e6e07e6b625c2)] -> id: first_name]
Trying to find Element By : By.id: surname
Found Element By : By.id: surname
Value of the:[[ChromeDriver: chrome on XP (fe214f4919ecf5218c7e6e07e6b625c2)] -> id: surname] before any changes made
Element value changed to: [[ChromeDriver: chrome on XP (fe214f4919ecf5218c7e6e07e6b625c2)] -> id: surname]
Trying to find Element By : By.name: client_lookup
Found Element By : By.name: client_lookup
Value of the:[[ChromeDriver: chrome on XP (fe214f4919ecf5218c7e6e07e6b625c2)] -> name: client_lookup] before any changes made
Element value changed to: [[ChromeDriver: chrome on XP (fe214f4919ecf5218c7e6e07e6b625c2)] -> name: client_lookup]
Trying to find Element By : By.xpath: //input[@type='submit' and @value='Save']
Found Element By : By.xpath: //input[@type='submit' and @value='Save']
Trying to click on: [[ChromeDriver: chrome on XP (fe214f4919ecf5218c7e6e07e6b625c2)] -> xpath: //input[@type='submit' and @value='Save']]
Clicked on: [[ChromeDriver: chrome on XP (fe214f4919ecf5218c7e6e07e6b625c2)] -> xpath: //input[@type='submit' and @value='Save']]
]]></system-out>
    <system-err><![CDATA[Starting ChromeDriver 109.0.5414.25 (771113d280dd3dda2fb422a6c805f0eb2b8ee6ed-refs/branch-heads/5414@{#303}) on port 23954
Only local connections are allowed.
Please see https://chromedriver.chromium.org/security-considerations for suggestions on keeping ChromeDriver safe.
ChromeDriver was started successfully.
]]></system-err>
  </testcase>
  <testcase name="createNewContactTest[Dr., Peter, Wallington, Microsoft](2)" classname="com.crm.qa.testcases.ContactsPageTest" time="9.754">
    <system-out><![CDATA[Before navigating to: 'https://classic.freecrm.com'
Navigated to:'https://classic.freecrm.com'
Trying to find Element By : By.name: username
Found Element By : By.name: username
Value of the:[[ChromeDriver: chrome on XP (278d1debdcc3fe5395f3f3eb94576691)] -> name: username] before any changes made
Element value changed to: [[ChromeDriver: chrome on XP (278d1debdcc3fe5395f3f3eb94576691)] -> name: username]
Trying to find Element By : By.name: password
Found Element By : By.name: password
Value of the:[[ChromeDriver: chrome on XP (278d1debdcc3fe5395f3f3eb94576691)] -> name: password] before any changes made
Element value changed to: [[ChromeDriver: chrome on XP (278d1debdcc3fe5395f3f3eb94576691)] -> name: password]
Trying to find Element By : By.xpath: //input[@type='submit']
Found Element By : By.xpath: //input[@type='submit']
Trying to click on: [[ChromeDriver: chrome on XP (278d1debdcc3fe5395f3f3eb94576691)] -> xpath: //input[@type='submit']]
Clicked on: [[ChromeDriver: chrome on XP (278d1debdcc3fe5395f3f3eb94576691)] -> xpath: //input[@type='submit']]
Trying to find Element By : By.xpath: //a[contains(text(),'Contacts')]
Found Element By : By.xpath: //a[contains(text(),'Contacts')]
Trying to click on: [[ChromeDriver: chrome on XP (278d1debdcc3fe5395f3f3eb94576691)] -> xpath: //a[contains(text(),'Contacts')]]
Clicked on: [[ChromeDriver: chrome on XP (278d1debdcc3fe5395f3f3eb94576691)] -> xpath: //a[contains(text(),'Contacts')]]
Trying to find Element By : By.xpath: //input[@value='New Contact' and @type='button']
Found Element By : By.xpath: //input[@value='New Contact' and @type='button']
Trying to click on: [[ChromeDriver: chrome on XP (278d1debdcc3fe5395f3f3eb94576691)] -> xpath: //input[@value='New Contact' and @type='button']]
Clicked on: [[ChromeDriver: chrome on XP (278d1debdcc3fe5395f3f3eb94576691)] -> xpath: //input[@value='New Contact' and @type='button']]
Trying to find Element By : By.name: title
Found Element By : By.name: title
Trying to find Element By : By.xpath: .//option[normalize-space(.) = "Dr."]
Found Element By : By.xpath: .//option[normalize-space(.) = "Dr."]
Trying to click on: [[[[ChromeDriver: chrome on XP (278d1debdcc3fe5395f3f3eb94576691)] -> name: title]] -> xpath: .//option[normalize-space(.) = "Dr."]]
Clicked on: [[[[ChromeDriver: chrome on XP (278d1debdcc3fe5395f3f3eb94576691)] -> name: title]] -> xpath: .//option[normalize-space(.) = "Dr."]]
Trying to find Element By : By.id: first_name
Found Element By : By.id: first_name
Value of the:[[ChromeDriver: chrome on XP (278d1debdcc3fe5395f3f3eb94576691)] -> id: first_name] before any changes made
Element value changed to: [[ChromeDriver: chrome on XP (278d1debdcc3fe5395f3f3eb94576691)] -> id: first_name]
Trying to find Element By : By.id: surname
Found Element By : By.id: surname
Value of the:[[ChromeDriver: chrome on XP (278d1debdcc3fe5395f3f3eb94576691)] -> id: surname] before any changes made
Element value changed to: [[ChromeDriver: chrome on XP (278d1debdcc3fe5395f3f3eb94576691)] -> id: surname]
Trying to find Element By : By.name: client_lookup
Found Element By : By.name: client_lookup
Value of the:[[ChromeDriver: chrome on XP (278d1debdcc3fe5395f3f3eb94576691)] -> name: client_lookup] before any changes made
Element value changed to: [[ChromeDriver: chrome on XP (278d1debdcc3fe5395f3f3eb94576691)] -> name: client_lookup]
Trying to find Element By : By.xpath: //input[@type='submit' and @value='Save']
Found Element By : By.xpath: //input[@type='submit' and @value='Save']
Trying to click on: [[ChromeDriver: chrome on XP (278d1debdcc3fe5395f3f3eb94576691)] -> xpath: //input[@type='submit' and @value='Save']]
Clicked on: [[ChromeDriver: chrome on XP (278d1debdcc3fe5395f3f3eb94576691)] -> xpath: //input[@type='submit' and @value='Save']]
]]></system-out>
    <system-err><![CDATA[Starting ChromeDriver 109.0.5414.25 (771113d280dd3dda2fb422a6c805f0eb2b8ee6ed-refs/branch-heads/5414@{#303}) on port 18363
Only local connections are allowed.
Please see https://chromedriver.chromium.org/security-considerations for suggestions on keeping ChromeDriver safe.
ChromeDriver was started successfully.
]]></system-err>
  </testcase>
  <testcase name="createNewContactTest[Prof., Watt, Klopp, Amazon](3)" classname="com.crm.qa.testcases.ContactsPageTest" time="9.443">
    <system-out><![CDATA[Before navigating to: 'https://classic.freecrm.com'
Navigated to:'https://classic.freecrm.com'
Trying to find Element By : By.name: username
Found Element By : By.name: username
Value of the:[[ChromeDriver: chrome on XP (ddbb83eb86ea81fe75b655f1f42c5f41)] -> name: username] before any changes made
Element value changed to: [[ChromeDriver: chrome on XP (ddbb83eb86ea81fe75b655f1f42c5f41)] -> name: username]
Trying to find Element By : By.name: password
Found Element By : By.name: password
Value of the:[[ChromeDriver: chrome on XP (ddbb83eb86ea81fe75b655f1f42c5f41)] -> name: password] before any changes made
Element value changed to: [[ChromeDriver: chrome on XP (ddbb83eb86ea81fe75b655f1f42c5f41)] -> name: password]
Trying to find Element By : By.xpath: //input[@type='submit']
Found Element By : By.xpath: //input[@type='submit']
Trying to click on: [[ChromeDriver: chrome on XP (ddbb83eb86ea81fe75b655f1f42c5f41)] -> xpath: //input[@type='submit']]
Clicked on: [[ChromeDriver: chrome on XP (ddbb83eb86ea81fe75b655f1f42c5f41)] -> xpath: //input[@type='submit']]
Trying to find Element By : By.xpath: //a[contains(text(),'Contacts')]
Found Element By : By.xpath: //a[contains(text(),'Contacts')]
Trying to click on: [[ChromeDriver: chrome on XP (ddbb83eb86ea81fe75b655f1f42c5f41)] -> xpath: //a[contains(text(),'Contacts')]]
Clicked on: [[ChromeDriver: chrome on XP (ddbb83eb86ea81fe75b655f1f42c5f41)] -> xpath: //a[contains(text(),'Contacts')]]
Trying to find Element By : By.xpath: //input[@value='New Contact' and @type='button']
Found Element By : By.xpath: //input[@value='New Contact' and @type='button']
Trying to click on: [[ChromeDriver: chrome on XP (ddbb83eb86ea81fe75b655f1f42c5f41)] -> xpath: //input[@value='New Contact' and @type='button']]
Clicked on: [[ChromeDriver: chrome on XP (ddbb83eb86ea81fe75b655f1f42c5f41)] -> xpath: //input[@value='New Contact' and @type='button']]
Trying to find Element By : By.name: title
Found Element By : By.name: title
Trying to find Element By : By.xpath: .//option[normalize-space(.) = "Prof."]
Found Element By : By.xpath: .//option[normalize-space(.) = "Prof."]
Trying to click on: [[[[ChromeDriver: chrome on XP (ddbb83eb86ea81fe75b655f1f42c5f41)] -> name: title]] -> xpath: .//option[normalize-space(.) = "Prof."]]
Clicked on: [[[[ChromeDriver: chrome on XP (ddbb83eb86ea81fe75b655f1f42c5f41)] -> name: title]] -> xpath: .//option[normalize-space(.) = "Prof."]]
Trying to find Element By : By.id: first_name
Found Element By : By.id: first_name
Value of the:[[ChromeDriver: chrome on XP (ddbb83eb86ea81fe75b655f1f42c5f41)] -> id: first_name] before any changes made
Element value changed to: [[ChromeDriver: chrome on XP (ddbb83eb86ea81fe75b655f1f42c5f41)] -> id: first_name]
Trying to find Element By : By.id: surname
Found Element By : By.id: surname
Value of the:[[ChromeDriver: chrome on XP (ddbb83eb86ea81fe75b655f1f42c5f41)] -> id: surname] before any changes made
Element value changed to: [[ChromeDriver: chrome on XP (ddbb83eb86ea81fe75b655f1f42c5f41)] -> id: surname]
Trying to find Element By : By.name: client_lookup
Found Element By : By.name: client_lookup
Value of the:[[ChromeDriver: chrome on XP (ddbb83eb86ea81fe75b655f1f42c5f41)] -> name: client_lookup] before any changes made
Element value changed to: [[ChromeDriver: chrome on XP (ddbb83eb86ea81fe75b655f1f42c5f41)] -> name: client_lookup]
Trying to find Element By : By.xpath: //input[@type='submit' and @value='Save']
Found Element By : By.xpath: //input[@type='submit' and @value='Save']
Trying to click on: [[ChromeDriver: chrome on XP (ddbb83eb86ea81fe75b655f1f42c5f41)] -> xpath: //input[@type='submit' and @value='Save']]
Clicked on: [[ChromeDriver: chrome on XP (ddbb83eb86ea81fe75b655f1f42c5f41)] -> xpath: //input[@type='submit' and @value='Save']]
]]></system-out>
    <system-err><![CDATA[Starting ChromeDriver 109.0.5414.25 (771113d280dd3dda2fb422a6c805f0eb2b8ee6ed-refs/branch-heads/5414@{#303}) on port 15097
Only local connections are allowed.
Please see https://chromedriver.chromium.org/security-considerations for suggestions on keeping ChromeDriver safe.
ChromeDriver was started successfully.
]]></system-err>
  </testcase>
  <testcase name="createNewContactTest[Sir, Mike, Richardson, Google](4)" classname="com.crm.qa.testcases.ContactsPageTest" time="10.654">
    <system-out><![CDATA[Before navigating to: 'https://classic.freecrm.com'
Navigated to:'https://classic.freecrm.com'
Trying to find Element By : By.name: username
Found Element By : By.name: username
Value of the:[[ChromeDriver: chrome on XP (f1848161a86915a336f137bb859d1d9d)] -> name: username] before any changes made
Element value changed to: [[ChromeDriver: chrome on XP (f1848161a86915a336f137bb859d1d9d)] -> name: username]
Trying to find Element By : By.name: password
Found Element By : By.name: password
Value of the:[[ChromeDriver: chrome on XP (f1848161a86915a336f137bb859d1d9d)] -> name: password] before any changes made
Element value changed to: [[ChromeDriver: chrome on XP (f1848161a86915a336f137bb859d1d9d)] -> name: password]
Trying to find Element By : By.xpath: //input[@type='submit']
Found Element By : By.xpath: //input[@type='submit']
Trying to click on: [[ChromeDriver: chrome on XP (f1848161a86915a336f137bb859d1d9d)] -> xpath: //input[@type='submit']]
Clicked on: [[ChromeDriver: chrome on XP (f1848161a86915a336f137bb859d1d9d)] -> xpath: //input[@type='submit']]
Trying to find Element By : By.xpath: //a[contains(text(),'Contacts')]
Found Element By : By.xpath: //a[contains(text(),'Contacts')]
Trying to click on: [[ChromeDriver: chrome on XP (f1848161a86915a336f137bb859d1d9d)] -> xpath: //a[contains(text(),'Contacts')]]
Clicked on: [[ChromeDriver: chrome on XP (f1848161a86915a336f137bb859d1d9d)] -> xpath: //a[contains(text(),'Contacts')]]
Trying to find Element By : By.xpath: //input[@value='New Contact' and @type='button']
Found Element By : By.xpath: //input[@value='New Contact' and @type='button']
Trying to click on: [[ChromeDriver: chrome on XP (f1848161a86915a336f137bb859d1d9d)] -> xpath: //input[@value='New Contact' and @type='button']]
Clicked on: [[ChromeDriver: chrome on XP (f1848161a86915a336f137bb859d1d9d)] -> xpath: //input[@value='New Contact' and @type='button']]
Trying to find Element By : By.name: title
Found Element By : By.name: title
Trying to find Element By : By.xpath: .//option[normalize-space(.) = "Sir"]
Found Element By : By.xpath: .//option[normalize-space(.) = "Sir"]
Trying to click on: [[[[ChromeDriver: chrome on XP (f1848161a86915a336f137bb859d1d9d)] -> name: title]] -> xpath: .//option[normalize-space(.) = "Sir"]]
Clicked on: [[[[ChromeDriver: chrome on XP (f1848161a86915a336f137bb859d1d9d)] -> name: title]] -> xpath: .//option[normalize-space(.) = "Sir"]]
Trying to find Element By : By.id: first_name
Found Element By : By.id: first_name
Value of the:[[ChromeDriver: chrome on XP (f1848161a86915a336f137bb859d1d9d)] -> id: first_name] before any changes made
Element value changed to: [[ChromeDriver: chrome on XP (f1848161a86915a336f137bb859d1d9d)] -> id: first_name]
Trying to find Element By : By.id: surname
Found Element By : By.id: surname
Value of the:[[ChromeDriver: chrome on XP (f1848161a86915a336f137bb859d1d9d)] -> id: surname] before any changes made
Element value changed to: [[ChromeDriver: chrome on XP (f1848161a86915a336f137bb859d1d9d)] -> id: surname]
Trying to find Element By : By.name: client_lookup
Found Element By : By.name: client_lookup
Value of the:[[ChromeDriver: chrome on XP (f1848161a86915a336f137bb859d1d9d)] -> name: client_lookup] before any changes made
Element value changed to: [[ChromeDriver: chrome on XP (f1848161a86915a336f137bb859d1d9d)] -> name: client_lookup]
Trying to find Element By : By.xpath: //input[@type='submit' and @value='Save']
Found Element By : By.xpath: //input[@type='submit' and @value='Save']
Trying to click on: [[ChromeDriver: chrome on XP (f1848161a86915a336f137bb859d1d9d)] -> xpath: //input[@type='submit' and @value='Save']]
Clicked on: [[ChromeDriver: chrome on XP (f1848161a86915a336f137bb859d1d9d)] -> xpath: //input[@type='submit' and @value='Save']]
]]></system-out>
    <system-err><![CDATA[Starting ChromeDriver 109.0.5414.25 (771113d280dd3dda2fb422a6c805f0eb2b8ee6ed-refs/branch-heads/5414@{#303}) on port 15382
Only local connections are allowed.
Please see https://chromedriver.chromium.org/security-considerations for suggestions on keeping ChromeDriver safe.
ChromeDriver was started successfully.
]]></system-err>
  </testcase>
  <testcase name="homePageTitleTest" classname="com.crm.qa.testcases.HomePageTest" time="0.402">
    <system-out><![CDATA[Before navigating to: 'https://classic.freecrm.com'
Navigated to:'https://classic.freecrm.com'
Trying to find Element By : By.name: username
Found Element By : By.name: username
Value of the:[[ChromeDriver: chrome on XP (9b35be579f786532c6941ef6add05fb7)] -> name: username] before any changes made
Element value changed to: [[ChromeDriver: chrome on XP (9b35be579f786532c6941ef6add05fb7)] -> name: username]
Trying to find Element By : By.name: password
Found Element By : By.name: password
Value of the:[[ChromeDriver: chrome on XP (9b35be579f786532c6941ef6add05fb7)] -> name: password] before any changes made
Element value changed to: [[ChromeDriver: chrome on XP (9b35be579f786532c6941ef6add05fb7)] -> name: password]
Trying to find Element By : By.xpath: //input[@type='submit']
Found Element By : By.xpath: //input[@type='submit']
Trying to click on: [[ChromeDriver: chrome on XP (9b35be579f786532c6941ef6add05fb7)] -> xpath: //input[@type='submit']]
Clicked on: [[ChromeDriver: chrome on XP (9b35be579f786532c6941ef6add05fb7)] -> xpath: //input[@type='submit']]
]]></system-out>
    <system-err><![CDATA[Starting ChromeDriver 109.0.5414.25 (771113d280dd3dda2fb422a6c805f0eb2b8ee6ed-refs/branch-heads/5414@{#303}) on port 33994
Only local connections are allowed.
Please see https://chromedriver.chromium.org/security-considerations for suggestions on keeping ChromeDriver safe.
ChromeDriver was started successfully.
]]></system-err>
  </testcase>
  <testcase name="userNameInHomePageTest" classname="com.crm.qa.testcases.HomePageTest" time="0.163">
    <system-out><![CDATA[Before navigating to: 'https://classic.freecrm.com'
Navigated to:'https://classic.freecrm.com'
Trying to find Element By : By.name: username
Found Element By : By.name: username
Value of the:[[ChromeDriver: chrome on XP (6a70f83e1dc321aa84d32daa443a8069)] -> name: username] before any changes made
Element value changed to: [[ChromeDriver: chrome on XP (6a70f83e1dc321aa84d32daa443a8069)] -> name: username]
Trying to find Element By : By.name: password
Found Element By : By.name: password
Value of the:[[ChromeDriver: chrome on XP (6a70f83e1dc321aa84d32daa443a8069)] -> name: password] before any changes made
Element value changed to: [[ChromeDriver: chrome on XP (6a70f83e1dc321aa84d32daa443a8069)] -> name: password]
Trying to find Element By : By.xpath: //input[@type='submit']
Found Element By : By.xpath: //input[@type='submit']
Trying to click on: [[ChromeDriver: chrome on XP (6a70f83e1dc321aa84d32daa443a8069)] -> xpath: //input[@type='submit']]
Clicked on: [[ChromeDriver: chrome on XP (6a70f83e1dc321aa84d32daa443a8069)] -> xpath: //input[@type='submit']]
Trying to find Element By : By.xpath: //td[contains(text(),'User: Raj Adhikari')]
Found Element By : By.xpath: //td[contains(text(),'User: Raj Adhikari')]
]]></system-out>
    <system-err><![CDATA[Starting ChromeDriver 109.0.5414.25 (771113d280dd3dda2fb422a6c805f0eb2b8ee6ed-refs/branch-heads/5414@{#303}) on port 9025
Only local connections are allowed.
Please see https://chromedriver.chromium.org/security-considerations for suggestions on keeping ChromeDriver safe.
ChromeDriver was started successfully.
]]></system-err>
  </testcase>
  <testcase name="contactsPageTest" classname="com.crm.qa.testcases.HomePageTest" time="3.757">
    <system-out><![CDATA[Before navigating to: 'https://classic.freecrm.com'
Navigated to:'https://classic.freecrm.com'
Trying to find Element By : By.name: username
Found Element By : By.name: username
Value of the:[[ChromeDriver: chrome on XP (bb1366ca4ac27f648d08ebb306caa583)] -> name: username] before any changes made
Element value changed to: [[ChromeDriver: chrome on XP (bb1366ca4ac27f648d08ebb306caa583)] -> name: username]
Trying to find Element By : By.name: password
Found Element By : By.name: password
Value of the:[[ChromeDriver: chrome on XP (bb1366ca4ac27f648d08ebb306caa583)] -> name: password] before any changes made
Element value changed to: [[ChromeDriver: chrome on XP (bb1366ca4ac27f648d08ebb306caa583)] -> name: password]
Trying to find Element By : By.xpath: //input[@type='submit']
Found Element By : By.xpath: //input[@type='submit']
Trying to click on: [[ChromeDriver: chrome on XP (bb1366ca4ac27f648d08ebb306caa583)] -> xpath: //input[@type='submit']]
Clicked on: [[ChromeDriver: chrome on XP (bb1366ca4ac27f648d08ebb306caa583)] -> xpath: //input[@type='submit']]
Trying to find Element By : By.xpath: //a[contains(text(),'Contacts')]
Found Element By : By.xpath: //a[contains(text(),'Contacts')]
Trying to click on: [[ChromeDriver: chrome on XP (bb1366ca4ac27f648d08ebb306caa583)] -> xpath: //a[contains(text(),'Contacts')]]
Clicked on: [[ChromeDriver: chrome on XP (bb1366ca4ac27f648d08ebb306caa583)] -> xpath: //a[contains(text(),'Contacts')]]
]]></system-out>
    <system-err><![CDATA[Starting ChromeDriver 109.0.5414.25 (771113d280dd3dda2fb422a6c805f0eb2b8ee6ed-refs/branch-heads/5414@{#303}) on port 6295
Only local connections are allowed.
Please see https://chromedriver.chromium.org/security-considerations for suggestions on keeping ChromeDriver safe.
ChromeDriver was started successfully.
]]></system-err>
  </testcase>
  <testcase name="loginPageTitleTest" classname="com.crm.qa.testcases.LoginPageTest" time="0.019">
    <system-out><![CDATA[Before navigating to: 'https://classic.freecrm.com'
Navigated to:'https://classic.freecrm.com'
]]></system-out>
    <system-err><![CDATA[Starting ChromeDriver 109.0.5414.25 (771113d280dd3dda2fb422a6c805f0eb2b8ee6ed-refs/branch-heads/5414@{#303}) on port 16679
Only local connections are allowed.
Please see https://chromedriver.chromium.org/security-considerations for suggestions on keeping ChromeDriver safe.
ChromeDriver was started successfully.
]]></system-err>
  </testcase>
  <testcase name="logoImageTest" classname="com.crm.qa.testcases.LoginPageTest" time="0.107">
    <system-out><![CDATA[Before navigating to: 'https://classic.freecrm.com'
Navigated to:'https://classic.freecrm.com'
Trying to find Element By : By.xpath: //img[contains(@class,'img-responsive')]
Found Element By : By.xpath: //img[contains(@class,'img-responsive')]
]]></system-out>
    <system-err><![CDATA[Starting ChromeDriver 109.0.5414.25 (771113d280dd3dda2fb422a6c805f0eb2b8ee6ed-refs/branch-heads/5414@{#303}) on port 29835
Only local connections are allowed.
Please see https://chromedriver.chromium.org/security-considerations for suggestions on keeping ChromeDriver safe.
ChromeDriver was started successfully.
]]></system-err>
  </testcase>
  <testcase name="loginTest" classname="com.crm.qa.testcases.LoginPageTest" time="14.429">
    <system-out><![CDATA[Before navigating to: 'https://classic.freecrm.com'
Navigated to:'https://classic.freecrm.com'
Trying to find Element By : By.name: username
Found Element By : By.name: username
Value of the:[[ChromeDriver: chrome on XP (334150ef82cfdc884e36471310bdc9fb)] -> name: username] before any changes made
Element value changed to: [[ChromeDriver: chrome on XP (334150ef82cfdc884e36471310bdc9fb)] -> name: username]
Trying to find Element By : By.name: password
Found Element By : By.name: password
Value of the:[[ChromeDriver: chrome on XP (334150ef82cfdc884e36471310bdc9fb)] -> name: password] before any changes made
Element value changed to: [[ChromeDriver: chrome on XP (334150ef82cfdc884e36471310bdc9fb)] -> name: password]
Trying to find Element By : By.xpath: //input[@type='submit']
Found Element By : By.xpath: //input[@type='submit']
Trying to click on: [[ChromeDriver: chrome on XP (334150ef82cfdc884e36471310bdc9fb)] -> xpath: //input[@type='submit']]
Clicked on: [[ChromeDriver: chrome on XP (334150ef82cfdc884e36471310bdc9fb)] -> xpath: //input[@type='submit']]
]]></system-out>
    <system-err><![CDATA[Starting ChromeDriver 109.0.5414.25 (771113d280dd3dda2fb422a6c805f0eb2b8ee6ed-refs/branch-heads/5414@{#303}) on port 34165
Only local connections are allowed.
Please see https://chromedriver.chromium.org/security-considerations for suggestions on keeping ChromeDriver safe.
ChromeDriver was started successfully.
]]></system-err>
  </testcase>
</testsuite>