<?xml version="1.0" encoding="UTF-8"?>
<!-- Generated by org.testng.reporters.JUnitReportReporter -->
<testsuite hostname="RAJESH" name="com.crm.qa.testcases.HomePageTest" tests="3" failures="0" timestamp="11 Feb 2024 20:03:21 GMT" time="77.901" errors="0">
  <testcase name="homePageTitleTest" time="24.680" classname="com.crm.qa.testcases.HomePageTest"/>
  <testcase name="userNameInHomePageTest" time="24.765" classname="com.crm.qa.testcases.HomePageTest"/>
  <testcase name="contactsPageTest" time="28.456" classname="com.crm.qa.testcases.HomePageTest"/>
</testsuite> <!-- com.crm.qa.testcases.HomePageTest -->
