<?xml version="1.0" encoding="UTF-8"?>
<!-- Generated by org.testng.reporters.JUnitReportReporter -->
<testsuite hostname="RAJESH" name="com.crm.qa.testcases.LoginPageTest" tests="3" failures="0" timestamp="11 Feb 2024 20:03:21 GMT" time="67.534" errors="0">
  <testcase name="loginTest" time="24.662" classname="com.crm.qa.testcases.LoginPageTest"/>
  <testcase name="loginPageTitleTest" time="16.417" classname="com.crm.qa.testcases.LoginPageTest"/>
  <testcase name="logoImageTest" time="26.455" classname="com.crm.qa.testcases.LoginPageTest"/>
</testsuite> <!-- com.crm.qa.testcases.LoginPageTest -->
