<?xml version="1.0" encoding="UTF-8"?>
<!-- Generated by org.testng.reporters.JUnitReportReporter -->
<testsuite hostname="RAJESH" name="com.crm.qa.testcases.LoginPageTest" tests="3" failures="0" timestamp="13 Feb 2024 12:09:04 GMT" time="96.989" errors="0">
  <testcase name="loginPageTitleTest" time="33.064" classname="com.crm.qa.testcases.LoginPageTest"/>
  <testcase name="loginTest" time="36.113" classname="com.crm.qa.testcases.LoginPageTest"/>
  <testcase name="logoImageTest" time="27.812" classname="com.crm.qa.testcases.LoginPageTest"/>
</testsuite> <!-- com.crm.qa.testcases.LoginPageTest -->
