<?xml version="1.0" encoding="UTF-8"?>
<!-- Generated by org.testng.reporters.JUnitReportReporter -->
<testsuite hostname="RAJESH" failures="0" tests="3" name="com.crm.qa.testcases.HomePageTest" time="117.220" errors="0" timestamp="12 Feb 2024 15:15:38 GMT">
  <testcase classname="com.crm.qa.testcases.HomePageTest" name="userNameInHomePageTest" time="47.244"/>
  <testcase classname="com.crm.qa.testcases.HomePageTest" name="contactsPageTest" time="35.688"/>
  <testcase classname="com.crm.qa.testcases.HomePageTest" name="homePageTitleTest" time="34.288"/>
</testsuite> <!-- com.crm.qa.testcases.HomePageTest -->
