<?xml version="1.0" encoding="UTF-8"?>
<!-- Generated by org.testng.reporters.JUnitReportReporter -->
<testsuite hostname="RAJESH" failures="0" tests="3" name="com.crm.qa.testcases.LoginPageTest" time="64.347" errors="0" timestamp="12 Feb 2024 15:15:38 GMT">
  <testcase classname="com.crm.qa.testcases.LoginPageTest" name="loginTest" time="30.639"/>
  <testcase classname="com.crm.qa.testcases.LoginPageTest" name="loginPageTitleTest" time="16.033"/>
  <testcase classname="com.crm.qa.testcases.LoginPageTest" name="logoImageTest" time="17.675"/>
</testsuite> <!-- com.crm.qa.testcases.LoginPageTest -->
