<?xml version="1.0" encoding="UTF-8"?>
<!-- Generated by org.testng.reporters.JUnitReportReporter -->
<testsuite hostname="RAJESH" failures="0" tests="7" name="com.crm.qa.testcases.ContactsPageTest" time="375.569" errors="0" timestamp="12 Feb 2024 15:15:38 GMT">
  <testcase classname="com.crm.qa.testcases.ContactsPageTest" name="createNewContactTest" time="50.744"/>
  <testcase classname="com.crm.qa.testcases.ContactsPageTest" name="createNewContactTest" time="86.990"/>
  <testcase classname="com.crm.qa.testcases.ContactsPageTest" name="selectMultipleContactsTest" time="54.426"/>
  <testcase classname="com.crm.qa.testcases.ContactsPageTest" name="createNewContactTest" time="53.620"/>
  <testcase classname="com.crm.qa.testcases.ContactsPageTest" name="selectSingleContactsTest" time="34.722"/>
  <testcase classname="com.crm.qa.testcases.ContactsPageTest" name="verifyContactsPageLabel" time="37.427"/>
  <testcase classname="com.crm.qa.testcases.ContactsPageTest" name="createNewContactTest" time="57.640"/>
</testsuite> <!-- com.crm.qa.testcases.ContactsPageTest -->
